<?xml version="1.0" encoding="UTF-8"?>
<!-- Generated by org.testng.reporters.JUnitReportReporter -->
<testsuite skipped="0" hostname="Ajith-PC" name="scripts.TestInvalidLogin" tests="2" failures="0" timestamp="13 Feb 2019 10:39:40 GMT" time="21.085" errors="0">
  <testcase name="testInvalidLogin" time="13.552" classname="scripts.TestInvalidLogin"/>
  <testcase name="testInvalidLogin" time="7.533" classname="scripts.TestInvalidLogin"/>
</testsuite> <!-- scripts.TestInvalidLogin -->
