<?xml version="1.0" encoding="UTF-8"?>
<!-- Generated by org.testng.reporters.JUnitReportReporter -->
<testsuite skipped="0" hostname="Ajith-PC" name="scripts.TestValidLogin" tests="2" failures="0" timestamp="13 Feb 2019 10:39:40 GMT" time="22.559" errors="0">
  <testcase name="testValidLogin" time="12.341" classname="scripts.TestValidLogin"/>
  <testcase name="testValidLogin" time="10.218" classname="scripts.TestValidLogin"/>
</testsuite> <!-- scripts.TestValidLogin -->
