<?xml version="1.0" encoding="UTF-8"?>
<!-- Generated by org.testng.reporters.JUnitReportReporter -->
<testsuite skipped="0" hostname="Ajith-PC" name="scripts.TestValidLogin" tests="2" failures="0" timestamp="13 Feb 2019 10:42:51 GMT" time="36.360" errors="0">
  <testcase name="testValidLogin" time="12.385" classname="scripts.TestValidLogin"/>
  <testcase name="testValidLogin" time="23.975" classname="scripts.TestValidLogin"/>
</testsuite> <!-- scripts.TestValidLogin -->
